<?xml version="1.0" encoding="UTF-8"?>
<!-- Generated by org.testng.reporters.JUnitXMLReporter -->
<testsuite hostname="DESKTOP-QM8TFT5" ignored="0" name="Dependson Test" tests="3" failures="1" timestamp="10 Dec 2017 07:10:02 GMT" time="0.027" errors="0">
  <testcase name="login" time="0.007" classname="testNgTutorial.DependsOnTest">
    <failure type="java.lang.AssertionError" message="expected [true] but found [false]">
      <![CDATA[java.lang.AssertionError: expected [true] but found [false]
	at testNgTutorial.DependsOnTest.login(DependsOnTest.java:12)
... Removed 29 stack frames]]>
    </failure>
  </testcase> <!-- login -->
  <testcase name="Test3" time="0.0" classname="testNgTutorial.DependsOnTest">
    <skipped/>
  </testcase> <!-- Test3 -->
  <testcase name="logout" time="0.0" classname="testNgTutorial.DependsOnTest">
    <skipped/>
  </testcase> <!-- logout -->
</testsuite> <!-- Dependson Test -->
