<?xml version="1.0" encoding="UTF-8"?>
<!-- Generated by org.testng.reporters.JUnitXMLReporter -->
<testsuite hostname="DESKTOP-QM8TFT5" ignored="1" name="GroupTest" tests="2" failures="0" timestamp="10 Dec 2017 07:10:01 GMT" time="0.011" errors="0">
  <testcase name="Test1" time="0.002" classname="testNgTutorial.GroupTest"/>
  <testcase name="Test2" time="0.003" classname="testNgTutorial.GroupTest"/>
  <testcase name="Test3" time="0.0" classname="testNgTutorial.GroupTest">
    <ignored/>
  </testcase> <!-- Test3 -->
</testsuite> <!-- GroupTest -->
