<?xml version="1.0" encoding="UTF-8"?>
<!-- Generated by org.testng.reporters.JUnitXMLReporter -->
<testsuite hostname="DESKTOP-QM8TFT5" ignored="0" name="Priority Test" tests="3" failures="0" timestamp="10 Dec 2017 07:10:02 GMT" time="0.008" errors="0">
  <testcase name="Test2" time="0.0" classname="testNgTutorial.TestNgPriorityTest"/>
  <testcase name="Test3" time="0.001" classname="testNgTutorial.TestNgPriorityTest"/>
  <testcase name="Test1" time="0.001" classname="testNgTutorial.TestNgPriorityTest"/>
</testsuite> <!-- Priority Test -->
