<?xml version="1.0" encoding="UTF-8"?>
<!-- Generated by org.testng.reporters.JUnitXMLReporter -->
<testsuite hostname="DESKTOP-QM8TFT5" ignored="2" name="grouptest1" tests="2" failures="0" timestamp="23 Apr 2019 11:03:14 GMT" time="0.036" errors="0">
  <testcase name="Test1" time="0.012" classname="testNgTutorial.GroupTest"/>
  <testcase name="Test2" time="0.004" classname="testNgTutorial.GroupTest"/>
  <testcase name="withoutgr" time="0.0" classname="testNgTutorial.GroupTest">
    <ignored/>
  </testcase> <!-- withoutgr -->
  <testcase name="Test3" time="0.0" classname="testNgTutorial.GroupTest">
    <ignored/>
  </testcase> <!-- Test3 -->
</testsuite> <!-- grouptest1 -->
