<?xml version="1.0" encoding="UTF-8"?>
<!-- Generated by org.testng.reporters.JUnitXMLReporter -->
<testsuite hostname="DESKTOP-QM8TFT5" ignored="0" name="Default test" tests="4" failures="0" timestamp="23 Apr 2019 12:22:11 GMT" time="0.049" errors="0">
  <testcase name="Test1" time="0.01" classname="testNgTutorial.RetryClassTest">
    <skipped/>
  </testcase> <!-- Test1 -->
  <testcase name="Test1" time="0.003" classname="testNgTutorial.RetryClassTest">
    <skipped/>
  </testcase> <!-- Test1 -->
  <testcase name="Test1" time="0.001" classname="testNgTutorial.RetryClassTest"/>
  <testcase name="Test2" time="0.0" classname="testNgTutorial.RetryClassTest"/>
</testsuite> <!-- Default test -->
