<?xml version="1.0" encoding="UTF-8"?>
<!-- Generated by org.testng.reporters.JUnitXMLReporter -->
<testsuite hostname="DESKTOP-QM8TFT5" ignored="4" tests="0" failures="0" timestamp="23 Apr 2019 10:53:55 GMT" time="0.004" errors="0">
  <testcase name="withoutgr" time="0.0" classname="testNgTutorial.GroupTest">
    <ignored/>
  </testcase> <!-- withoutgr -->
  <testcase name="Test1" time="0.0" classname="testNgTutorial.GroupTest">
    <ignored/>
  </testcase> <!-- Test1 -->
  <testcase name="Test3" time="0.0" classname="testNgTutorial.GroupTest">
    <ignored/>
  </testcase> <!-- Test3 -->
  <testcase name="Test2" time="0.0" classname="testNgTutorial.GroupTest">
    <ignored/>
  </testcase> <!-- Test2 -->
</testsuite>
