<?xml version="1.0" encoding="UTF-8"?>
<!-- Generated by org.testng.reporters.JUnitXMLReporter -->
<testsuite hostname="DESKTOP-QM8TFT5" ignored="2" name="Webtest" tests="1" failures="0" timestamp="05 Jan 2018 15:43:00 GMT" time="0.049" errors="0">
  <testcase name="Test1" time="0.019" classname="testNgTutorial.GroupTest"/>
  <testcase name="Test3" time="0.0" classname="testNgTutorial.GroupTest">
    <ignored/>
  </testcase> <!-- Test3 -->
  <testcase name="Test2" time="0.0" classname="testNgTutorial.GroupTest">
    <ignored/>
  </testcase> <!-- Test2 -->
</testsuite> <!-- Webtest -->
